<?xml version="1.0" encoding="UTF-8"?>
<testng-results ignored="0" total="2" passed="2" failed="0" skipped="0">
  <reporter-output>
  </reporter-output>
  <suite started-at="2023-07-25T07:58:02 GMT" name="Default suite" finished-at="2023-07-25T07:58:18 GMT" duration-ms="15715">
    <groups>
      <group name="cucumber">
        <method signature="AbstractTestNGCucumberTests.runScenario(io.cucumber.testng.PickleWrapper,io.cucumber.testng.FeatureWrapper)[pri:0, instance:runners.GooglepageRunner@7ef82753]" name="runScenario" class="io.cucumber.testng.AbstractTestNGCucumberTests"/>
      </group> <!-- cucumber -->
    </groups>
    <test started-at="2023-07-25T07:58:02 GMT" name="Default test" finished-at="2023-07-25T07:58:18 GMT" duration-ms="15715">
      <class name="runners.GooglepageRunner">
        <test-method is-config="true" signature="setUpClass(org.testng.ITestContext)[pri:0, instance:runners.GooglepageRunner@7ef82753]" started-at="2023-07-25T07:58:02 GMT" name="setUpClass" finished-at="2023-07-25T07:58:03 GMT" duration-ms="779" status="PASS">
          <params>
            <param index="0">
              <value>
                <![CDATA[org.testng.TestRunner@536b71b4]]>
              </value>
            </param>
          </params>
          <reporter-output>
          </reporter-output>
        </test-method> <!-- setUpClass -->
        <test-method signature="runScenario(io.cucumber.testng.PickleWrapper,io.cucumber.testng.FeatureWrapper)[pri:0, instance:runners.GooglepageRunner@7ef82753]" started-at="2023-07-25T07:58:03 GMT" name="runScenario" description="Runs Cucumber Scenarios" data-provider="scenarios" finished-at="2023-07-25T07:58:11 GMT" duration-ms="8014" status="PASS">
          <params>
            <param index="0">
              <value>
                <![CDATA["Search java Tutorial"]]>
              </value>
            </param>
            <param index="1">
              <value>
                <![CDATA["Google page search"]]>
              </value>
            </param>
          </params>
          <reporter-output>
          </reporter-output>
        </test-method> <!-- runScenario -->
        <test-method signature="runScenario(io.cucumber.testng.PickleWrapper,io.cucumber.testng.FeatureWrapper)[pri:0, instance:runners.GooglepageRunner@7ef82753]" started-at="2023-07-25T07:58:11 GMT" name="runScenario" description="Runs Cucumber Scenarios" data-provider="scenarios" finished-at="2023-07-25T07:58:17 GMT" duration-ms="5757" status="PASS">
          <params>
            <param index="0">
              <value>
                <![CDATA["Search Selenium Tutorial"]]>
              </value>
            </param>
            <param index="1">
              <value>
                <![CDATA["Google page search"]]>
              </value>
            </param>
          </params>
          <reporter-output>
          </reporter-output>
        </test-method> <!-- runScenario -->
        <test-method is-config="true" signature="tearDownClass()[pri:0, instance:runners.GooglepageRunner@7ef82753]" started-at="2023-07-25T07:58:17 GMT" name="tearDownClass" finished-at="2023-07-25T07:58:18 GMT" duration-ms="1094" status="PASS">
          <reporter-output>
          </reporter-output>
        </test-method> <!-- tearDownClass -->
      </class> <!-- runners.GooglepageRunner -->
    </test> <!-- Default test -->
  </suite> <!-- Default suite -->
</testng-results>
