<?xml version="1.0" encoding="UTF-8"?>
<testng-results ignored="0" total="1" passed="1" failed="0" skipped="0">
  <reporter-output>
  </reporter-output>
  <suite started-at="2023-07-24T08:03:06 GMT" name="Default suite" finished-at="2023-07-24T08:03:15 GMT" duration-ms="9321">
    <groups>
      <group name="cucumber">
        <method signature="AbstractTestNGCucumberTests.runScenario(io.cucumber.testng.PickleWrapper,io.cucumber.testng.FeatureWrapper)[pri:0, instance:runners.GooglepageRunner@2892d68]" name="runScenario" class="io.cucumber.testng.AbstractTestNGCucumberTests"/>
      </group> <!-- cucumber -->
    </groups>
    <test started-at="2023-07-24T08:03:06 GMT" name="Default test" finished-at="2023-07-24T08:03:15 GMT" duration-ms="9321">
      <class name="runners.GooglepageRunner">
        <test-method is-config="true" signature="setUpClass(org.testng.ITestContext)[pri:0, instance:runners.GooglepageRunner@2892d68]" started-at="2023-07-24T08:03:06 GMT" name="setUpClass" finished-at="2023-07-24T08:03:07 GMT" duration-ms="842" status="PASS">
          <params>
            <param index="0">
              <value>
                <![CDATA[org.testng.TestRunner@29f38091]]>
              </value>
            </param>
          </params>
          <reporter-output>
          </reporter-output>
        </test-method> <!-- setUpClass -->
        <test-method signature="runScenario(io.cucumber.testng.PickleWrapper,io.cucumber.testng.FeatureWrapper)[pri:0, instance:runners.GooglepageRunner@2892d68]" started-at="2023-07-24T08:03:07 GMT" name="runScenario" description="Runs Cucumber Scenarios" data-provider="scenarios" finished-at="2023-07-24T08:03:14 GMT" duration-ms="7260" status="PASS">
          <params>
            <param index="0">
              <value>
                <![CDATA["Search java Tutorial"]]>
              </value>
            </param>
            <param index="1">
              <value>
                <![CDATA["Google page search"]]>
              </value>
            </param>
          </params>
          <reporter-output>
          </reporter-output>
        </test-method> <!-- runScenario -->
        <test-method is-config="true" signature="tearDownClass()[pri:0, instance:runners.GooglepageRunner@2892d68]" started-at="2023-07-24T08:03:14 GMT" name="tearDownClass" finished-at="2023-07-24T08:03:15 GMT" duration-ms="1144" status="PASS">
          <reporter-output>
          </reporter-output>
        </test-method> <!-- tearDownClass -->
      </class> <!-- runners.GooglepageRunner -->
    </test> <!-- Default test -->
  </suite> <!-- Default suite -->
</testng-results>
